<?xml version="1.0" encoding="UTF-8"?>
<!-- Generated by org.testng.reporters.JUnitXMLReporter -->
<testsuite ignored="0" hostname="Fatemas-MacBook-Pro.local" failures="2" tests="2" name="Default test" time="6.461" errors="0" timestamp="23 Mar 2022 01:08:58 GMT">
  <testcase classname="io.cucumber.testng.AbstractTestNGCucumberTests" name="runScenario" time="3.432">
    <failure type="java.lang.NullPointerException">
      <![CDATA[java.lang.NullPointerException
at com.careerhack.steps.GoogleSearchHeist.i_enter_a_search(GoogleSearchHeist.java:25)
at ✽.I enter a search "Quality Assurance"(file:///Users/fatemabegum/eclipse-workspace/QAHeistQAF/Features/GoogleSearch.feature:6)
]]>
    </failure>
  </testcase> <!-- runScenario -->
  <testcase classname="io.cucumber.testng.AbstractTestNGCucumberTests" name="runScenario" time="2.729">
    <failure type="java.lang.NullPointerException">
      <![CDATA[java.lang.NullPointerException
at com.careerhack.steps.GoogleSearchHeist.i_enter_a_search(GoogleSearchHeist.java:25)
at ✽.I enter a search "Software Testing"(file:///Users/fatemabegum/eclipse-workspace/QAHeistQAF/Features/GoogleSearch.feature:6)
]]>
    </failure>
  </testcase> <!-- runScenario -->
</testsuite> <!-- Default test -->
